[kbplacer_plugin_action.py:65]: Plugin version: 0.13
[kbplacer_plugin_action.py:66]: Python version: '3.11.5 (main, Jan 27 2025, 07:08:36) [MSC v.1942 64 bit (AMD64)]'
[kbplacer_plugin_action.py:67]: KiCad version: 9.0.0 with 4.2.2 msw (phoenix) wxWidgets 3.2.6
[kbplacer_dialog.py:586]: Language: es
[kbplacer_plugin_action.py:75]: GUI state: {"layout_path": "C:\\Users\\luige\\Documents\\Proyectos\\kicad\\MacroKeys-PCB\\PCBs\\PlateSuperior_V1\\keyboard-layout.json", "key_distance": [19.05, 19.05], "key_info": {"annotation_format": "SW{}", "position_option": "Default", "position": {"x": 0.0, "y": 0.0, "orientation": 0.0, "side": "Back"}, "template_path": ""}, "enable_diode_placement": true, "route_switches_with_diodes": true, "optimize_diodes_orientation": false, "diode_info": {"annotation_format": "D{}", "position_option": "Default", "position": {"x": 5.08, "y": 3.03, "orientation": 90.0, "side": "Back"}, "template_path": ""}, "additional_elements": [{"annotation_format": "LED{}", "position_option": "Custom", "position": {"x": 0.0, "y": 0.0, "orientation": 180.0, "side": "Back"}, "template_path": ""}, {"annotation_format": "D{}", "position_option": "Custom", "position": {"x": 7.08, "y": -3.03, "orientation": -90.0, "side": "Back"}, "template_path": ""}], "route_rows_and_columns": true, "template_path": "", "generate_outline": true, "outline_delta": 5.0}
[key_placer.py:362]: Set key 1U distance: 19050000/19050000
[key_placer.py:124]: Switches by nets: defaultdict(<class 'list'>, {frozenset({'COL5', 'ROW3'}): ['SW15'], frozenset({'COL4', 'ROW3'}): ['SW14'], frozenset({'COL3', 'ROW3'}): ['SW13'], frozenset({'COL2', 'ROW3'}): ['SW12'], frozenset({'COL1', 'ROW3'}): ['SW11'], frozenset({'COL5', 'ROW2'}): ['SW10'], frozenset({'COL4', 'ROW2'}): ['SW9'], frozenset({'COL3', 'ROW2'}): ['SW8'], frozenset({'COL2', 'ROW2'}): ['SW7'], frozenset({'COL1', 'ROW2'}): ['SW6'], frozenset({'ROW1', 'COL5'}): ['SW5'], frozenset({'COL4', 'ROW1'}): ['SW4'], frozenset({'COL3', 'ROW1'}): ['SW3'], frozenset({'COL2', 'ROW1'}): ['SW2'], frozenset({'COL1', 'ROW1'}): ['SW1']})
[key_placer.py:128]: Diodes by switch: {'SW15': ['D15'], 'SW14': ['D14'], 'SW13': ['D13'], 'SW12': ['D12'], 'SW11': ['D11'], 'SW10': ['D10'], 'SW9': ['D9'], 'SW8': ['D8'], 'SW7': ['D7'], 'SW6': ['D6'], 'SW5': ['D5'], 'SW4': ['D4'], 'SW3': ['D3'], 'SW2': ['D2'], 'SW1': ['D1']}
[kle_serial.py:897]: User layout: [[{'w': 1.25}, 'Fn', 'F1', 'F2', 'F3', 'F4'], [{'w': 1.25}, 'Alt', 'F5', 'F6', 'F7', 'F8'], [{'w': 1.25}, 'Ctrl', 'F9', 'F10', 'F11', 'F12']]
[key_placer.py:662]: Layout offset: (26193750, 28575000)
[board_modifier.py:85]: Setting SW1 footprint position: (38100000, 38100000)
[board_modifier.py:85]: Setting SW2 footprint position: (59531250, 38100000)
[board_modifier.py:85]: Setting SW3 footprint position: (78581250, 38100000)
[board_modifier.py:85]: Setting SW4 footprint position: (97631250, 38100000)
[board_modifier.py:85]: Setting SW5 footprint position: (116681250, 38100000)
[board_modifier.py:85]: Setting SW6 footprint position: (38100000, 57150000)
[board_modifier.py:85]: Setting SW7 footprint position: (59531250, 57150000)
[board_modifier.py:85]: Setting SW8 footprint position: (78581250, 57150000)
[board_modifier.py:85]: Setting SW9 footprint position: (97631250, 57150000)
[board_modifier.py:85]: Setting SW10 footprint position: (116681250, 57150000)
[board_modifier.py:85]: Setting SW11 footprint position: (38100000, 76200000)
[board_modifier.py:85]: Setting SW12 footprint position: (59531250, 76200000)
[board_modifier.py:85]: Setting SW13 footprint position: (78581250, 76200000)
[board_modifier.py:85]: Setting SW14 footprint position: (97631250, 76200000)
[board_modifier.py:85]: Setting SW15 footprint position: (116681250, 76200000)
[key_placer.py:999]: Diode info: [ElementInfo(annotation_format='D{}', position_option=<PositionOption.DEFAULT: 'Default'>, position=ElementPosition(x=5.08, y=3.03, orientation=90.0, side=<Side.BACK: 'Back'>), template_path='')]
[board_modifier.py:98]: Getting SW1 footprint position: (38100000, 38100000)
[board_modifier.py:85]: Setting D1 footprint position: (43180000, 41130000)
[board_modifier.py:98]: Getting SW2 footprint position: (59531250, 38100000)
[board_modifier.py:85]: Setting D2 footprint position: (64611250, 41130000)
[board_modifier.py:98]: Getting SW3 footprint position: (78581250, 38100000)
[board_modifier.py:85]: Setting D3 footprint position: (83661250, 41130000)
[board_modifier.py:98]: Getting SW4 footprint position: (97631250, 38100000)
[board_modifier.py:85]: Setting D4 footprint position: (102711250, 41130000)
[board_modifier.py:98]: Getting SW5 footprint position: (116681250, 38100000)
[board_modifier.py:85]: Setting D5 footprint position: (121761250, 41130000)
[board_modifier.py:98]: Getting SW6 footprint position: (38100000, 57150000)
[board_modifier.py:85]: Setting D6 footprint position: (43180000, 60180000)
[board_modifier.py:98]: Getting SW7 footprint position: (59531250, 57150000)
[board_modifier.py:85]: Setting D7 footprint position: (64611250, 60180000)
[board_modifier.py:98]: Getting SW8 footprint position: (78581250, 57150000)
[board_modifier.py:85]: Setting D8 footprint position: (83661250, 60180000)
[board_modifier.py:98]: Getting SW9 footprint position: (97631250, 57150000)
[board_modifier.py:85]: Setting D9 footprint position: (102711250, 60180000)
[board_modifier.py:98]: Getting SW10 footprint position: (116681250, 57150000)
[board_modifier.py:85]: Setting D10 footprint position: (121761250, 60180000)
[board_modifier.py:98]: Getting SW11 footprint position: (38100000, 76200000)
[board_modifier.py:85]: Setting D11 footprint position: (43180000, 79230000)
[board_modifier.py:98]: Getting SW12 footprint position: (59531250, 76200000)
[board_modifier.py:85]: Setting D12 footprint position: (64611250, 79230000)
[board_modifier.py:98]: Getting SW13 footprint position: (78581250, 76200000)
[board_modifier.py:85]: Setting D13 footprint position: (83661250, 79230000)
[board_modifier.py:98]: Getting SW14 footprint position: (97631250, 76200000)
[board_modifier.py:85]: Setting D14 footprint position: (102711250, 79230000)
[board_modifier.py:98]: Getting SW15 footprint position: (116681250, 76200000)
[board_modifier.py:85]: Setting D15 footprint position: (121761250, 79230000)
[key_placer.py:775]: Placing additional elements for SW15
[board_modifier.py:98]: Getting SW15 footprint position: (116681250, 76200000)
[board_modifier.py:75]: Searching for optional LED15 footprint in C:\Users\luige\Documents\Proyectos\kicad\MacroKeys-PCB\PCBs\PlateSuperior_V1\PlateSuperior_V1.kicad_pcb
[board_modifier.py:85]: Setting LED15 footprint position: (116681250, 76200000)
[board_modifier.py:75]: Searching for optional D15 footprint in C:\Users\luige\Documents\Proyectos\kicad\MacroKeys-PCB\PCBs\PlateSuperior_V1\PlateSuperior_V1.kicad_pcb
[board_modifier.py:85]: Setting D15 footprint position: (123761250, 73170000)
[key_placer.py:775]: Placing additional elements for SW14
[board_modifier.py:98]: Getting SW14 footprint position: (97631250, 76200000)
[board_modifier.py:75]: Searching for optional LED14 footprint in C:\Users\luige\Documents\Proyectos\kicad\MacroKeys-PCB\PCBs\PlateSuperior_V1\PlateSuperior_V1.kicad_pcb
[board_modifier.py:85]: Setting LED14 footprint position: (97631250, 76200000)
[board_modifier.py:75]: Searching for optional D14 footprint in C:\Users\luige\Documents\Proyectos\kicad\MacroKeys-PCB\PCBs\PlateSuperior_V1\PlateSuperior_V1.kicad_pcb
[board_modifier.py:85]: Setting D14 footprint position: (104711250, 73170000)
[key_placer.py:775]: Placing additional elements for SW13
[board_modifier.py:98]: Getting SW13 footprint position: (78581250, 76200000)
[board_modifier.py:75]: Searching for optional LED13 footprint in C:\Users\luige\Documents\Proyectos\kicad\MacroKeys-PCB\PCBs\PlateSuperior_V1\PlateSuperior_V1.kicad_pcb
[board_modifier.py:85]: Setting LED13 footprint position: (78581250, 76200000)
[board_modifier.py:75]: Searching for optional D13 footprint in C:\Users\luige\Documents\Proyectos\kicad\MacroKeys-PCB\PCBs\PlateSuperior_V1\PlateSuperior_V1.kicad_pcb
[board_modifier.py:85]: Setting D13 footprint position: (85661250, 73170000)
[key_placer.py:775]: Placing additional elements for SW12
[board_modifier.py:98]: Getting SW12 footprint position: (59531250, 76200000)
[board_modifier.py:75]: Searching for optional LED12 footprint in C:\Users\luige\Documents\Proyectos\kicad\MacroKeys-PCB\PCBs\PlateSuperior_V1\PlateSuperior_V1.kicad_pcb
[board_modifier.py:85]: Setting LED12 footprint position: (59531250, 76200000)
[board_modifier.py:75]: Searching for optional D12 footprint in C:\Users\luige\Documents\Proyectos\kicad\MacroKeys-PCB\PCBs\PlateSuperior_V1\PlateSuperior_V1.kicad_pcb
[board_modifier.py:85]: Setting D12 footprint position: (66611250, 73170000)
[key_placer.py:775]: Placing additional elements for SW11
[board_modifier.py:98]: Getting SW11 footprint position: (38100000, 76200000)
[board_modifier.py:75]: Searching for optional LED11 footprint in C:\Users\luige\Documents\Proyectos\kicad\MacroKeys-PCB\PCBs\PlateSuperior_V1\PlateSuperior_V1.kicad_pcb
[board_modifier.py:85]: Setting LED11 footprint position: (38100000, 76200000)
[board_modifier.py:75]: Searching for optional D11 footprint in C:\Users\luige\Documents\Proyectos\kicad\MacroKeys-PCB\PCBs\PlateSuperior_V1\PlateSuperior_V1.kicad_pcb
[board_modifier.py:85]: Setting D11 footprint position: (45180000, 73170000)
[key_placer.py:775]: Placing additional elements for SW10
[board_modifier.py:98]: Getting SW10 footprint position: (116681250, 57150000)
[board_modifier.py:75]: Searching for optional LED10 footprint in C:\Users\luige\Documents\Proyectos\kicad\MacroKeys-PCB\PCBs\PlateSuperior_V1\PlateSuperior_V1.kicad_pcb
[board_modifier.py:85]: Setting LED10 footprint position: (116681250, 57150000)
[board_modifier.py:75]: Searching for optional D10 footprint in C:\Users\luige\Documents\Proyectos\kicad\MacroKeys-PCB\PCBs\PlateSuperior_V1\PlateSuperior_V1.kicad_pcb
[board_modifier.py:85]: Setting D10 footprint position: (123761250, 54120000)
[key_placer.py:775]: Placing additional elements for SW9
[board_modifier.py:98]: Getting SW9 footprint position: (97631250, 57150000)
[board_modifier.py:75]: Searching for optional LED9 footprint in C:\Users\luige\Documents\Proyectos\kicad\MacroKeys-PCB\PCBs\PlateSuperior_V1\PlateSuperior_V1.kicad_pcb
[board_modifier.py:85]: Setting LED9 footprint position: (97631250, 57150000)
[board_modifier.py:75]: Searching for optional D9 footprint in C:\Users\luige\Documents\Proyectos\kicad\MacroKeys-PCB\PCBs\PlateSuperior_V1\PlateSuperior_V1.kicad_pcb
[board_modifier.py:85]: Setting D9 footprint position: (104711250, 54120000)
[key_placer.py:775]: Placing additional elements for SW8
[board_modifier.py:98]: Getting SW8 footprint position: (78581250, 57150000)
[board_modifier.py:75]: Searching for optional LED8 footprint in C:\Users\luige\Documents\Proyectos\kicad\MacroKeys-PCB\PCBs\PlateSuperior_V1\PlateSuperior_V1.kicad_pcb
[board_modifier.py:85]: Setting LED8 footprint position: (78581250, 57150000)
[board_modifier.py:75]: Searching for optional D8 footprint in C:\Users\luige\Documents\Proyectos\kicad\MacroKeys-PCB\PCBs\PlateSuperior_V1\PlateSuperior_V1.kicad_pcb
[board_modifier.py:85]: Setting D8 footprint position: (85661250, 54120000)
[key_placer.py:775]: Placing additional elements for SW7
[board_modifier.py:98]: Getting SW7 footprint position: (59531250, 57150000)
[board_modifier.py:75]: Searching for optional LED7 footprint in C:\Users\luige\Documents\Proyectos\kicad\MacroKeys-PCB\PCBs\PlateSuperior_V1\PlateSuperior_V1.kicad_pcb
[board_modifier.py:85]: Setting LED7 footprint position: (59531250, 57150000)
[board_modifier.py:75]: Searching for optional D7 footprint in C:\Users\luige\Documents\Proyectos\kicad\MacroKeys-PCB\PCBs\PlateSuperior_V1\PlateSuperior_V1.kicad_pcb
[board_modifier.py:85]: Setting D7 footprint position: (66611250, 54120000)
[key_placer.py:775]: Placing additional elements for SW6
[board_modifier.py:98]: Getting SW6 footprint position: (38100000, 57150000)
[board_modifier.py:75]: Searching for optional LED6 footprint in C:\Users\luige\Documents\Proyectos\kicad\MacroKeys-PCB\PCBs\PlateSuperior_V1\PlateSuperior_V1.kicad_pcb
[board_modifier.py:85]: Setting LED6 footprint position: (38100000, 57150000)
[board_modifier.py:75]: Searching for optional D6 footprint in C:\Users\luige\Documents\Proyectos\kicad\MacroKeys-PCB\PCBs\PlateSuperior_V1\PlateSuperior_V1.kicad_pcb
[board_modifier.py:85]: Setting D6 footprint position: (45180000, 54120000)
[key_placer.py:775]: Placing additional elements for SW5
[board_modifier.py:98]: Getting SW5 footprint position: (116681250, 38100000)
[board_modifier.py:75]: Searching for optional LED5 footprint in C:\Users\luige\Documents\Proyectos\kicad\MacroKeys-PCB\PCBs\PlateSuperior_V1\PlateSuperior_V1.kicad_pcb
[board_modifier.py:85]: Setting LED5 footprint position: (116681250, 38100000)
[board_modifier.py:75]: Searching for optional D5 footprint in C:\Users\luige\Documents\Proyectos\kicad\MacroKeys-PCB\PCBs\PlateSuperior_V1\PlateSuperior_V1.kicad_pcb
[board_modifier.py:85]: Setting D5 footprint position: (123761250, 35070000)
[key_placer.py:775]: Placing additional elements for SW4
[board_modifier.py:98]: Getting SW4 footprint position: (97631250, 38100000)
[board_modifier.py:75]: Searching for optional LED4 footprint in C:\Users\luige\Documents\Proyectos\kicad\MacroKeys-PCB\PCBs\PlateSuperior_V1\PlateSuperior_V1.kicad_pcb
[board_modifier.py:85]: Setting LED4 footprint position: (97631250, 38100000)
[board_modifier.py:75]: Searching for optional D4 footprint in C:\Users\luige\Documents\Proyectos\kicad\MacroKeys-PCB\PCBs\PlateSuperior_V1\PlateSuperior_V1.kicad_pcb
[board_modifier.py:85]: Setting D4 footprint position: (104711250, 35070000)
[key_placer.py:775]: Placing additional elements for SW3
[board_modifier.py:98]: Getting SW3 footprint position: (78581250, 38100000)
[board_modifier.py:75]: Searching for optional LED3 footprint in C:\Users\luige\Documents\Proyectos\kicad\MacroKeys-PCB\PCBs\PlateSuperior_V1\PlateSuperior_V1.kicad_pcb
[board_modifier.py:85]: Setting LED3 footprint position: (78581250, 38100000)
[board_modifier.py:75]: Searching for optional D3 footprint in C:\Users\luige\Documents\Proyectos\kicad\MacroKeys-PCB\PCBs\PlateSuperior_V1\PlateSuperior_V1.kicad_pcb
[board_modifier.py:85]: Setting D3 footprint position: (85661250, 35070000)
[key_placer.py:775]: Placing additional elements for SW2
[board_modifier.py:98]: Getting SW2 footprint position: (59531250, 38100000)
[board_modifier.py:75]: Searching for optional LED2 footprint in C:\Users\luige\Documents\Proyectos\kicad\MacroKeys-PCB\PCBs\PlateSuperior_V1\PlateSuperior_V1.kicad_pcb
[board_modifier.py:85]: Setting LED2 footprint position: (59531250, 38100000)
[board_modifier.py:75]: Searching for optional D2 footprint in C:\Users\luige\Documents\Proyectos\kicad\MacroKeys-PCB\PCBs\PlateSuperior_V1\PlateSuperior_V1.kicad_pcb
[board_modifier.py:85]: Setting D2 footprint position: (66611250, 35070000)
[key_placer.py:775]: Placing additional elements for SW1
[board_modifier.py:98]: Getting SW1 footprint position: (38100000, 38100000)
[board_modifier.py:75]: Searching for optional LED1 footprint in C:\Users\luige\Documents\Proyectos\kicad\MacroKeys-PCB\PCBs\PlateSuperior_V1\PlateSuperior_V1.kicad_pcb
[board_modifier.py:85]: Setting LED1 footprint position: (38100000, 38100000)
[board_modifier.py:75]: Searching for optional D1 footprint in C:\Users\luige\Documents\Proyectos\kicad\MacroKeys-PCB\PCBs\PlateSuperior_V1\PlateSuperior_V1.kicad_pcb
[board_modifier.py:85]: Setting D1 footprint position: (45180000, 35070000)
[key_placer.py:424]: Routing SW15 with D15
[key_placer.py:426]: Using internal autorouter method
[board_modifier.py:532]: Routing at B.Cu layer
[board_modifier.py:549]: Netclass: Default, track width: 200000
[board_modifier.py:611]: Routing pad 'SW15:1' at (123766250, 78740000) with pad 'D15:2' at (123761250, 73957500) using coordinate system rotated by 0 degree(s)
[board_modifier.py:455]: Adding track segment (B.Cu): [(123766250, 78740000), (123766250, 73962500)]
[board_modifier.py:460]: Track added
[board_modifier.py:455]: Adding track segment (B.Cu): [(123766250, 73962500), (123761250, 73957500)]
[board_modifier.py:460]: Track added
[key_placer.py:424]: Routing SW14 with D14
[key_placer.py:426]: Using internal autorouter method
[board_modifier.py:532]: Routing at B.Cu layer
[board_modifier.py:549]: Netclass: Default, track width: 200000
[board_modifier.py:611]: Routing pad 'SW14:1' at (104716250, 78740000) with pad 'D14:2' at (104711250, 73957500) using coordinate system rotated by 0 degree(s)
[board_modifier.py:455]: Adding track segment (B.Cu): [(104716250, 78740000), (104716250, 73962500)]
[board_modifier.py:460]: Track added
[board_modifier.py:455]: Adding track segment (B.Cu): [(104716250, 73962500), (104711250, 73957500)]
[board_modifier.py:460]: Track added
[key_placer.py:424]: Routing SW13 with D13
[key_placer.py:426]: Using internal autorouter method
[board_modifier.py:532]: Routing at B.Cu layer
[board_modifier.py:549]: Netclass: Default, track width: 200000
[board_modifier.py:611]: Routing pad 'SW13:1' at (85666250, 78740000) with pad 'D13:2' at (85661250, 73957500) using coordinate system rotated by 0 degree(s)
[board_modifier.py:455]: Adding track segment (B.Cu): [(85666250, 78740000), (85666250, 73962500)]
[board_modifier.py:460]: Track added
[board_modifier.py:455]: Adding track segment (B.Cu): [(85666250, 73962500), (85661250, 73957500)]
[board_modifier.py:460]: Track added
[key_placer.py:424]: Routing SW12 with D12
[key_placer.py:426]: Using internal autorouter method
[board_modifier.py:532]: Routing at B.Cu layer
[board_modifier.py:549]: Netclass: Default, track width: 200000
[board_modifier.py:611]: Routing pad 'SW12:1' at (66616250, 78740000) with pad 'D12:2' at (66611250, 73957500) using coordinate system rotated by 0 degree(s)
[board_modifier.py:455]: Adding track segment (B.Cu): [(66616250, 78740000), (66616250, 73962500)]
[board_modifier.py:460]: Track added
[board_modifier.py:455]: Adding track segment (B.Cu): [(66616250, 73962500), (66611250, 73957500)]
[board_modifier.py:460]: Track added
[key_placer.py:424]: Routing SW11 with D11
[key_placer.py:426]: Using internal autorouter method
[board_modifier.py:532]: Routing at B.Cu layer
[board_modifier.py:549]: Netclass: Default, track width: 200000
[board_modifier.py:611]: Routing pad 'SW11:1' at (45185000, 78740000) with pad 'D11:2' at (45180000, 73957500) using coordinate system rotated by 0 degree(s)
[board_modifier.py:455]: Adding track segment (B.Cu): [(45185000, 78740000), (45185000, 73962500)]
[board_modifier.py:460]: Track added
[board_modifier.py:455]: Adding track segment (B.Cu): [(45185000, 73962500), (45180000, 73957500)]
[board_modifier.py:460]: Track added
[key_placer.py:424]: Routing SW10 with D10
[key_placer.py:426]: Using internal autorouter method
[board_modifier.py:532]: Routing at B.Cu layer
[board_modifier.py:549]: Netclass: Default, track width: 200000
[board_modifier.py:611]: Routing pad 'SW10:1' at (123766250, 59690000) with pad 'D10:2' at (123761250, 54907500) using coordinate system rotated by 0 degree(s)
[board_modifier.py:455]: Adding track segment (B.Cu): [(123766250, 59690000), (123766250, 54912500)]
[board_modifier.py:460]: Track added
[board_modifier.py:455]: Adding track segment (B.Cu): [(123766250, 54912500), (123761250, 54907500)]
[board_modifier.py:460]: Track added
[key_placer.py:424]: Routing SW9 with D9
[key_placer.py:426]: Using internal autorouter method
[board_modifier.py:532]: Routing at B.Cu layer
[board_modifier.py:549]: Netclass: Default, track width: 200000
[board_modifier.py:611]: Routing pad 'SW9:1' at (104716250, 59690000) with pad 'D9:2' at (104711250, 54907500) using coordinate system rotated by 0 degree(s)
[board_modifier.py:455]: Adding track segment (B.Cu): [(104716250, 59690000), (104716250, 54912500)]
[board_modifier.py:460]: Track added
[board_modifier.py:455]: Adding track segment (B.Cu): [(104716250, 54912500), (104711250, 54907500)]
[board_modifier.py:460]: Track added
[key_placer.py:424]: Routing SW8 with D8
[key_placer.py:426]: Using internal autorouter method
[board_modifier.py:532]: Routing at B.Cu layer
[board_modifier.py:549]: Netclass: Default, track width: 200000
[board_modifier.py:611]: Routing pad 'SW8:1' at (85666250, 59690000) with pad 'D8:2' at (85661250, 54907500) using coordinate system rotated by 0 degree(s)
[board_modifier.py:455]: Adding track segment (B.Cu): [(85666250, 59690000), (85666250, 54912500)]
[board_modifier.py:460]: Track added
[board_modifier.py:455]: Adding track segment (B.Cu): [(85666250, 54912500), (85661250, 54907500)]
[board_modifier.py:460]: Track added
[key_placer.py:424]: Routing SW7 with D7
[key_placer.py:426]: Using internal autorouter method
[board_modifier.py:532]: Routing at B.Cu layer
[board_modifier.py:549]: Netclass: Default, track width: 200000
[board_modifier.py:611]: Routing pad 'SW7:1' at (66616250, 59690000) with pad 'D7:2' at (66611250, 54907500) using coordinate system rotated by 0 degree(s)
[board_modifier.py:455]: Adding track segment (B.Cu): [(66616250, 59690000), (66616250, 54912500)]
[board_modifier.py:460]: Track added
[board_modifier.py:455]: Adding track segment (B.Cu): [(66616250, 54912500), (66611250, 54907500)]
[board_modifier.py:460]: Track added
[key_placer.py:424]: Routing SW6 with D6
[key_placer.py:426]: Using internal autorouter method
[board_modifier.py:532]: Routing at B.Cu layer
[board_modifier.py:549]: Netclass: Default, track width: 200000
[board_modifier.py:611]: Routing pad 'SW6:1' at (45185000, 59690000) with pad 'D6:2' at (45180000, 54907500) using coordinate system rotated by 0 degree(s)
[board_modifier.py:455]: Adding track segment (B.Cu): [(45185000, 59690000), (45185000, 54912500)]
[board_modifier.py:460]: Track added
[board_modifier.py:455]: Adding track segment (B.Cu): [(45185000, 54912500), (45180000, 54907500)]
[board_modifier.py:460]: Track added
[key_placer.py:424]: Routing SW5 with D5
[key_placer.py:426]: Using internal autorouter method
[board_modifier.py:532]: Routing at B.Cu layer
[board_modifier.py:549]: Netclass: Default, track width: 200000
[board_modifier.py:611]: Routing pad 'SW5:1' at (123766250, 40640000) with pad 'D5:2' at (123761250, 35857500) using coordinate system rotated by 0 degree(s)
[board_modifier.py:455]: Adding track segment (B.Cu): [(123766250, 40640000), (123766250, 35862500)]
[board_modifier.py:460]: Track added
[board_modifier.py:455]: Adding track segment (B.Cu): [(123766250, 35862500), (123761250, 35857500)]
[board_modifier.py:460]: Track added
[key_placer.py:424]: Routing SW4 with D4
[key_placer.py:426]: Using internal autorouter method
[board_modifier.py:532]: Routing at B.Cu layer
[board_modifier.py:549]: Netclass: Default, track width: 200000
[board_modifier.py:611]: Routing pad 'SW4:1' at (104716250, 40640000) with pad 'D4:2' at (104711250, 35857500) using coordinate system rotated by 0 degree(s)
[board_modifier.py:455]: Adding track segment (B.Cu): [(104716250, 40640000), (104716250, 35862500)]
[board_modifier.py:460]: Track added
[board_modifier.py:455]: Adding track segment (B.Cu): [(104716250, 35862500), (104711250, 35857500)]
[board_modifier.py:460]: Track added
[key_placer.py:424]: Routing SW3 with D3
[key_placer.py:426]: Using internal autorouter method
[board_modifier.py:532]: Routing at B.Cu layer
[board_modifier.py:549]: Netclass: Default, track width: 200000
[board_modifier.py:611]: Routing pad 'SW3:1' at (85666250, 40640000) with pad 'D3:2' at (85661250, 35857500) using coordinate system rotated by 0 degree(s)
[board_modifier.py:455]: Adding track segment (B.Cu): [(85666250, 40640000), (85666250, 35862500)]
[board_modifier.py:460]: Track added
[board_modifier.py:455]: Adding track segment (B.Cu): [(85666250, 35862500), (85661250, 35857500)]
[board_modifier.py:460]: Track added
[key_placer.py:424]: Routing SW2 with D2
[key_placer.py:426]: Using internal autorouter method
[board_modifier.py:532]: Routing at B.Cu layer
[board_modifier.py:549]: Netclass: Default, track width: 200000
[board_modifier.py:611]: Routing pad 'SW2:1' at (66616250, 40640000) with pad 'D2:2' at (66611250, 35857500) using coordinate system rotated by 0 degree(s)
[board_modifier.py:455]: Adding track segment (B.Cu): [(66616250, 40640000), (66616250, 35862500)]
[board_modifier.py:460]: Track added
[board_modifier.py:455]: Adding track segment (B.Cu): [(66616250, 35862500), (66611250, 35857500)]
[board_modifier.py:460]: Track added
[key_placer.py:424]: Routing SW1 with D1
[key_placer.py:426]: Using internal autorouter method
[board_modifier.py:532]: Routing at B.Cu layer
[board_modifier.py:549]: Netclass: Default, track width: 200000
[board_modifier.py:611]: Routing pad 'SW1:1' at (45185000, 40640000) with pad 'D1:2' at (45180000, 35857500) using coordinate system rotated by 0 degree(s)
[board_modifier.py:455]: Adding track segment (B.Cu): [(45185000, 40640000), (45185000, 35862500)]
[board_modifier.py:460]: Track added
[board_modifier.py:455]: Adding track segment (B.Cu): [(45185000, 35862500), (45180000, 35857500)]
[board_modifier.py:460]: Track added
[key_placer.py:820]: Routing ROW3 pads
[board_modifier.py:532]: Routing at B.Cu layer
[board_modifier.py:549]: Netclass: Default, track width: 200000
[board_modifier.py:611]: Routing pad 'J3:16' at (24384000, 63830000) with pad 'D11:1' at (45180000, 72382500) using coordinate system rotated by 0 degree(s)
[board_modifier.py:455]: Adding track segment (B.Cu): [(24384000, 63830000), (36627500, 63830000)]
[board_modifier.py:465]: Could not add track segment due to detected collision
[board_modifier.py:455]: Adding track segment (B.Cu): [(24384000, 63830000), (32936500, 72382500)]
[board_modifier.py:465]: Could not add track segment due to detected collision
[board_modifier.py:532]: Routing at B.Cu layer
[board_modifier.py:549]: Netclass: Default, track width: 200000
[board_modifier.py:611]: Routing pad 'D11:1' at (45180000, 72382500) with pad 'D12:1' at (66611250, 72382500) using coordinate system rotated by 0 degree(s)
[board_modifier.py:455]: Adding track segment (B.Cu): [(45180000, 72382500), (66611250, 72382500)]
[board_modifier.py:465]: Could not add track segment due to detected collision
[board_modifier.py:532]: Routing at B.Cu layer
[board_modifier.py:549]: Netclass: Default, track width: 200000
[board_modifier.py:611]: Routing pad 'D12:1' at (66611250, 72382500) with pad 'D13:1' at (85661250, 72382500) using coordinate system rotated by 0 degree(s)
[board_modifier.py:455]: Adding track segment (B.Cu): [(66611250, 72382500), (85661250, 72382500)]
[board_modifier.py:465]: Could not add track segment due to detected collision
[board_modifier.py:532]: Routing at B.Cu layer
[board_modifier.py:549]: Netclass: Default, track width: 200000
[board_modifier.py:611]: Routing pad 'D13:1' at (85661250, 72382500) with pad 'D14:1' at (104711250, 72382500) using coordinate system rotated by 0 degree(s)
[board_modifier.py:455]: Adding track segment (B.Cu): [(85661250, 72382500), (104711250, 72382500)]
[board_modifier.py:465]: Could not add track segment due to detected collision
[board_modifier.py:532]: Routing at B.Cu layer
[board_modifier.py:549]: Netclass: Default, track width: 200000
[board_modifier.py:611]: Routing pad 'D14:1' at (104711250, 72382500) with pad 'D15:1' at (123761250, 72382500) using coordinate system rotated by 0 degree(s)
[board_modifier.py:455]: Adding track segment (B.Cu): [(104711250, 72382500), (123761250, 72382500)]
[board_modifier.py:465]: Could not add track segment due to detected collision
[key_placer.py:820]: Routing COL3 pads
[board_modifier.py:532]: Routing at B.Cu layer
[board_modifier.py:549]: Netclass: Default, track width: 200000
[board_modifier.py:611]: Routing pad 'J3:6' at (24384000, 51130000) with pad 'SW3:2' at (72739250, 43180000) using coordinate system rotated by 0 degree(s)
[board_modifier.py:455]: Adding track segment (B.Cu): [(24384000, 51130000), (64789250, 51130000)]
[board_modifier.py:465]: Could not add track segment due to detected collision
[board_modifier.py:455]: Adding track segment (B.Cu): [(24384000, 51130000), (32334000, 43180000)]
[board_modifier.py:465]: Could not add track segment due to detected collision
[board_modifier.py:532]: Routing at B.Cu layer
[board_modifier.py:549]: Netclass: Default, track width: 200000
[board_modifier.py:611]: Routing pad 'SW3:2' at (72739250, 43180000) with pad 'SW8:2' at (72739250, 62230000) using coordinate system rotated by 0 degree(s)
[board_modifier.py:455]: Adding track segment (B.Cu): [(72739250, 43180000), (72739250, 62230000)]
[board_modifier.py:465]: Could not add track segment due to detected collision
[board_modifier.py:532]: Routing at B.Cu layer
[board_modifier.py:549]: Netclass: Default, track width: 200000
[board_modifier.py:611]: Routing pad 'SW8:2' at (72739250, 62230000) with pad 'SW13:2' at (72739250, 81280000) using coordinate system rotated by 0 degree(s)
[board_modifier.py:455]: Adding track segment (B.Cu): [(72739250, 62230000), (72739250, 81280000)]
[board_modifier.py:465]: Could not add track segment due to detected collision
[key_placer.py:820]: Routing ROW1 pads
[board_modifier.py:532]: Routing at B.Cu layer
[board_modifier.py:549]: Netclass: Default, track width: 200000
[board_modifier.py:611]: Routing pad 'J3:12' at (24384000, 58750000) with pad 'D1:1' at (45180000, 34282500) using coordinate system rotated by 0 degree(s)
[board_modifier.py:455]: Adding track segment (B.Cu): [(24384000, 58750000), (24384000, 55078500)]
[board_modifier.py:465]: Could not add track segment due to detected collision
[board_modifier.py:455]: Adding track segment (B.Cu): [(24384000, 58750000), (45180000, 37954000)]
[board_modifier.py:465]: Could not add track segment due to detected collision
[board_modifier.py:532]: Routing at B.Cu layer
[board_modifier.py:549]: Netclass: Default, track width: 200000
[board_modifier.py:611]: Routing pad 'D1:1' at (45180000, 34282500) with pad 'D2:1' at (66611250, 34282500) using coordinate system rotated by 0 degree(s)
[board_modifier.py:455]: Adding track segment (B.Cu): [(45180000, 34282500), (66611250, 34282500)]
[board_modifier.py:465]: Could not add track segment due to detected collision
[board_modifier.py:532]: Routing at B.Cu layer
[board_modifier.py:549]: Netclass: Default, track width: 200000
[board_modifier.py:611]: Routing pad 'D2:1' at (66611250, 34282500) with pad 'D3:1' at (85661250, 34282500) using coordinate system rotated by 0 degree(s)
[board_modifier.py:455]: Adding track segment (B.Cu): [(66611250, 34282500), (85661250, 34282500)]
[board_modifier.py:465]: Could not add track segment due to detected collision
[board_modifier.py:532]: Routing at B.Cu layer
[board_modifier.py:549]: Netclass: Default, track width: 200000
[board_modifier.py:611]: Routing pad 'D3:1' at (85661250, 34282500) with pad 'D4:1' at (104711250, 34282500) using coordinate system rotated by 0 degree(s)
[board_modifier.py:455]: Adding track segment (B.Cu): [(85661250, 34282500), (104711250, 34282500)]
[board_modifier.py:465]: Could not add track segment due to detected collision
[board_modifier.py:532]: Routing at B.Cu layer
[board_modifier.py:549]: Netclass: Default, track width: 200000
[board_modifier.py:611]: Routing pad 'D4:1' at (104711250, 34282500) with pad 'D5:1' at (123761250, 34282500) using coordinate system rotated by 0 degree(s)
[board_modifier.py:455]: Adding track segment (B.Cu): [(104711250, 34282500), (123761250, 34282500)]
[board_modifier.py:465]: Could not add track segment due to detected collision
[key_placer.py:820]: Routing COL4 pads
[board_modifier.py:532]: Routing at B.Cu layer
[board_modifier.py:549]: Netclass: Default, track width: 200000
[board_modifier.py:611]: Routing pad 'SW9:2' at (91789250, 62230000) with pad 'SW4:2' at (91789250, 43180000) using coordinate system rotated by 0 degree(s)
[board_modifier.py:455]: Adding track segment (B.Cu): [(91789250, 62230000), (91789250, 43180000)]
[board_modifier.py:465]: Could not add track segment due to detected collision
[board_modifier.py:532]: Routing at B.Cu layer
[board_modifier.py:549]: Netclass: Default, track width: 200000
[board_modifier.py:611]: Routing pad 'J3:8' at (24384000, 53670000) with pad 'SW9:2' at (91789250, 62230000) using coordinate system rotated by 0 degree(s)
[board_modifier.py:455]: Adding track segment (B.Cu): [(24384000, 53670000), (83229250, 53670000)]
[board_modifier.py:465]: Could not add track segment due to detected collision
[board_modifier.py:455]: Adding track segment (B.Cu): [(24384000, 53670000), (32944000, 62230000)]
[board_modifier.py:465]: Could not add track segment due to detected collision
[board_modifier.py:532]: Routing at B.Cu layer
[board_modifier.py:549]: Netclass: Default, track width: 200000
[board_modifier.py:611]: Routing pad 'SW9:2' at (91789250, 62230000) with pad 'SW14:2' at (91789250, 81280000) using coordinate system rotated by 0 degree(s)
[board_modifier.py:455]: Adding track segment (B.Cu): [(91789250, 62230000), (91789250, 81280000)]
[board_modifier.py:465]: Could not add track segment due to detected collision
[key_placer.py:820]: Routing COL5 pads
[board_modifier.py:532]: Routing at B.Cu layer
[board_modifier.py:549]: Netclass: Default, track width: 200000
[board_modifier.py:611]: Routing pad 'SW10:2' at (110839250, 62230000) with pad 'SW5:2' at (110839250, 43180000) using coordinate system rotated by 0 degree(s)
[board_modifier.py:455]: Adding track segment (B.Cu): [(110839250, 62230000), (110839250, 43180000)]
[board_modifier.py:465]: Could not add track segment due to detected collision
[board_modifier.py:532]: Routing at B.Cu layer
[board_modifier.py:549]: Netclass: Default, track width: 200000
[board_modifier.py:611]: Routing pad 'J3:10' at (24384000, 56210000) with pad 'SW10:2' at (110839250, 62230000) using coordinate system rotated by 0 degree(s)
[board_modifier.py:455]: Adding track segment (B.Cu): [(24384000, 56210000), (104819250, 56210000)]
[board_modifier.py:465]: Could not add track segment due to detected collision
[board_modifier.py:455]: Adding track segment (B.Cu): [(24384000, 56210000), (30404000, 62230000)]
[board_modifier.py:465]: Could not add track segment due to detected collision
[board_modifier.py:532]: Routing at B.Cu layer
[board_modifier.py:549]: Netclass: Default, track width: 200000
[board_modifier.py:611]: Routing pad 'SW10:2' at (110839250, 62230000) with pad 'SW15:2' at (110839250, 81280000) using coordinate system rotated by 0 degree(s)
[board_modifier.py:455]: Adding track segment (B.Cu): [(110839250, 62230000), (110839250, 81280000)]
[board_modifier.py:465]: Could not add track segment due to detected collision
[key_placer.py:820]: Routing COL1 pads
[board_modifier.py:532]: Routing at B.Cu layer
[board_modifier.py:549]: Netclass: Default, track width: 200000
[board_modifier.py:611]: Routing pad 'J3:2' at (24384000, 46050000) with pad 'SW1:2' at (32258000, 43180000) using coordinate system rotated by 0 degree(s)
[board_modifier.py:455]: Adding track segment (B.Cu): [(24384000, 46050000), (29388000, 46050000)]
[board_modifier.py:460]: Track added
[board_modifier.py:455]: Adding track segment (B.Cu): [(29388000, 46050000), (32258000, 43180000)]
[board_modifier.py:460]: Track added
[board_modifier.py:532]: Routing at B.Cu layer
[board_modifier.py:549]: Netclass: Default, track width: 200000
[board_modifier.py:611]: Routing pad 'J3:2' at (24384000, 46050000) with pad 'SW6:2' at (32258000, 62230000) using coordinate system rotated by 0 degree(s)
[board_modifier.py:455]: Adding track segment (B.Cu): [(24384000, 46050000), (24384000, 54356000)]
[board_modifier.py:465]: Could not add track segment due to detected collision
[board_modifier.py:455]: Adding track segment (B.Cu): [(24384000, 46050000), (32258000, 53924000)]
[board_modifier.py:465]: Could not add track segment due to detected collision
[board_modifier.py:532]: Routing at B.Cu layer
[board_modifier.py:549]: Netclass: Default, track width: 200000
[board_modifier.py:611]: Routing pad 'SW6:2' at (32258000, 62230000) with pad 'SW11:2' at (32258000, 81280000) using coordinate system rotated by 0 degree(s)
[board_modifier.py:455]: Adding track segment (B.Cu): [(32258000, 62230000), (32258000, 81280000)]
[board_modifier.py:465]: Could not add track segment due to detected collision
[key_placer.py:820]: Routing COL2 pads
[board_modifier.py:532]: Routing at B.Cu layer
[board_modifier.py:549]: Netclass: Default, track width: 200000
[board_modifier.py:611]: Routing pad 'J3:4' at (24384000, 48590000) with pad 'SW2:2' at (53689250, 43180000) using coordinate system rotated by 0 degree(s)
[board_modifier.py:455]: Adding track segment (B.Cu): [(24384000, 48590000), (48279250, 48590000)]
[board_modifier.py:465]: Could not add track segment due to detected collision
[board_modifier.py:455]: Adding track segment (B.Cu): [(24384000, 48590000), (29794000, 43180000)]
[board_modifier.py:465]: Could not add track segment due to detected collision
[board_modifier.py:532]: Routing at B.Cu layer
[board_modifier.py:549]: Netclass: Default, track width: 200000
[board_modifier.py:611]: Routing pad 'SW2:2' at (53689250, 43180000) with pad 'SW7:2' at (53689250, 62230000) using coordinate system rotated by 0 degree(s)
[board_modifier.py:455]: Adding track segment (B.Cu): [(53689250, 43180000), (53689250, 62230000)]
[board_modifier.py:465]: Could not add track segment due to detected collision
[board_modifier.py:532]: Routing at B.Cu layer
[board_modifier.py:549]: Netclass: Default, track width: 200000
[board_modifier.py:611]: Routing pad 'SW7:2' at (53689250, 62230000) with pad 'SW12:2' at (53689250, 81280000) using coordinate system rotated by 0 degree(s)
[board_modifier.py:455]: Adding track segment (B.Cu): [(53689250, 62230000), (53689250, 81280000)]
[board_modifier.py:465]: Could not add track segment due to detected collision
[key_placer.py:820]: Routing ROW2 pads
[board_modifier.py:532]: Routing at B.Cu layer
[board_modifier.py:549]: Netclass: Default, track width: 200000
[board_modifier.py:611]: Routing pad 'J3:14' at (24384000, 61290000) with pad 'D6:1' at (45180000, 53332500) using coordinate system rotated by 0 degree(s)
[board_modifier.py:455]: Adding track segment (B.Cu): [(24384000, 61290000), (37222500, 61290000)]
[board_modifier.py:465]: Could not add track segment due to detected collision
[board_modifier.py:455]: Adding track segment (B.Cu): [(24384000, 61290000), (32341500, 53332500)]
[board_modifier.py:465]: Could not add track segment due to detected collision
[board_modifier.py:532]: Routing at B.Cu layer
[board_modifier.py:549]: Netclass: Default, track width: 200000
[board_modifier.py:611]: Routing pad 'D6:1' at (45180000, 53332500) with pad 'D7:1' at (66611250, 53332500) using coordinate system rotated by 0 degree(s)
[board_modifier.py:455]: Adding track segment (B.Cu): [(45180000, 53332500), (66611250, 53332500)]
[board_modifier.py:465]: Could not add track segment due to detected collision
[board_modifier.py:532]: Routing at B.Cu layer
[board_modifier.py:549]: Netclass: Default, track width: 200000
[board_modifier.py:611]: Routing pad 'D7:1' at (66611250, 53332500) with pad 'D8:1' at (85661250, 53332500) using coordinate system rotated by 0 degree(s)
[board_modifier.py:455]: Adding track segment (B.Cu): [(66611250, 53332500), (85661250, 53332500)]
[board_modifier.py:465]: Could not add track segment due to detected collision
[board_modifier.py:532]: Routing at B.Cu layer
[board_modifier.py:549]: Netclass: Default, track width: 200000
[board_modifier.py:611]: Routing pad 'D8:1' at (85661250, 53332500) with pad 'D9:1' at (104711250, 53332500) using coordinate system rotated by 0 degree(s)
[board_modifier.py:455]: Adding track segment (B.Cu): [(85661250, 53332500), (104711250, 53332500)]
[board_modifier.py:465]: Could not add track segment due to detected collision
[board_modifier.py:532]: Routing at B.Cu layer
[board_modifier.py:549]: Netclass: Default, track width: 200000
[board_modifier.py:611]: Routing pad 'D9:1' at (104711250, 53332500) with pad 'D10:1' at (123761250, 53332500) using coordinate system rotated by 0 degree(s)
[board_modifier.py:455]: Adding track segment (B.Cu): [(104711250, 53332500), (123761250, 53332500)]
[board_modifier.py:465]: Could not add track segment due to detected collision
[key_placer.py:458]: Removing dangling tracks
[edge_generator.py:136]: Running board edge generation around selected footprints
[edge_generator.py:141]: No footprints selected
[edge_generator.py:145]: Running board edge generation around footprints with annotation matching 'SW{}' format
